<?xml version="1.0" encoding="UTF-8"?>
<testsuite xmlns:xsi="http://www.w3.org/2001/XMLSchema-instance" xsi:noNamespaceSchemaLocation="https://maven.apache.org/surefire/maven-surefire-plugin/xsd/surefire-test-report.xsd" version="3.0.1" name="org.sonatype.mavenbook.weather.yahoo.WeatherFormatterTest" time="0.164" tests="1" errors="0" skipped="0" failures="0">
  <properties>
[...]
</properties>
  <testcase name="testFormat" classname="org.sonatype.mavenbook.weather.yahoo.WeatherFormatterTest" time="0.153">
    <system-out><![CDATA[0    INFO  YahooParser  - Creating XML Reader
45   INFO  YahooParser  - Parsing XML Response
62   INFO  WeatherFormatter  - Formatting Weather Data
]]></system-out>
  </testcase>
</testsuite>